<?xml version="1.0" encoding="UTF-8"?>
<!-- Generated by org.testng.reporters.JUnitXMLReporter -->
<testsuite ignored="0" hostname="DESKTOP-OLJMNI0" failures="0" tests="7" name="Default test" time="34.178" errors="0" timestamp="2023-12-07T13:17:50 IST">
  <testcase classname="Test.org.PracticeMaven" name="loginBrowser" time="28.288"/>
  <testcase classname="Test.org.PracticeMaven" name="btnNavigation" time="2.609"/>
  <testcase classname="Test.org.PracticeMaven" name="xyCoordinates" time="0.103"/>
  <testcase classname="Test.org.PracticeMaven" name="backGroundclr" time="0.086"/>
  <testcase classname="Test.org.PracticeMaven" name="btnSize" time="0.087"/>
  <testcase classname="Test.org.PracticeMaven" name="isEnabled" time="0.792"/>
  <testcase classname="Test.org.PracticeMaven" name="btnHold" time="1.968"/>
</testsuite> <!-- Default test -->
